<?xml version="1.0" encoding="UTF-8"?>
<!-- Generated by org.testng.reporters.JUnitXMLReporter -->
<testsuite ignored="0" hostname="Pragti" failures="1" tests="9" name="Test" time="21.785" errors="0" timestamp="2024-10-02T12:30:53 IST">
  <testcase classname="pac1.New1Test" name="fTest" time="0.124"/>
  <testcase classname="pac1.New1Test" name="gllllTest" time="0.008">
    <failure type="java.lang.AssertionError" message="expected [jj8] but found [jj]">
      <![CDATA[java.lang.AssertionError: expected [jj8] but found [jj]
at pac1.New1Test.gllllTest(New1Test.java:29)
at java.base/java.util.ArrayList.forEach(ArrayList.java:1511)
... Removed 32 stack frames]]>
    </failure>
  </testcase> <!-- gllllTest -->
  <testcase classname="pac1.New1Test" name="gllllyTest" time="0.006">
    <skipped/>
  </testcase> <!-- gllllyTest -->
  <testcase classname="pac1.NewTest" name="fTest" time="6.373"/>
  <testcase classname="pac1.NewTest" name="gjjTest" time="5.106"/>
  <testcase classname="pac1.NewTest" name="gllllTest" time="4.654"/>
  <testcase classname="pac1.alllinksTest" name="flTest" time="0.028"/>
  <testcase classname="pac1.alllinksTest" name="fyyTest" time="0.083"/>
  <testcase classname="pac1.alllinksTest" name="kkkTest" time="0.018"/>
</testsuite> <!-- Test -->
